<?xml version="1.0" encoding="UTF-8"?>
<!-- Generated by org.testng.reporters.JUnitReportReporter -->
<testsuite hostname="Aleksey-PC" name="com.kholodkov.ido.db.DbConnectionTest" tests="1" failures="0" timestamp="6 Mar 2016 20:25:22 GMT" time="0.703" errors="0">
  <testcase name="dbConnectionOk" time="0.703" classname="com.kholodkov.ido.db.DbConnectionTest"/>
</testsuite> <!-- com.kholodkov.ido.db.DbConnectionTest -->
