<?xml version="1.0" encoding="UTF-8"?>
<!-- Generated by org.testng.reporters.JUnitReportReporter -->
<testsuite hostname="Aleksey-PC" name="com.kholodkov.ido.task.TaskTest" tests="5" failures="0" timestamp="6 Mar 2016 20:25:22 GMT" time="0.000" errors="0">
  <testcase name="newUserCanSeeStartTask" time="0.000" classname="com.kholodkov.ido.task.TaskTest"/>
  <testcase name="addSubTask" time="0.000" classname="com.kholodkov.ido.task.TaskTest"/>
  <testcase name="toStringWorkCorrect" time="0.000" classname="com.kholodkov.ido.task.TaskTest"/>
  <testcase name="newTaskHasEmptySubTasks" time="0.000" classname="com.kholodkov.ido.task.TaskTest"/>
  <testcase name="newTaskInitializeInStateWIllBeDone" time="0.000" classname="com.kholodkov.ido.task.TaskTest"/>
</testsuite> <!-- com.kholodkov.ido.task.TaskTest -->
