<?xml version="1.0" encoding="UTF-8"?>
<!-- Generated by org.testng.reporters.JUnitReportReporter -->
<testsuite hostname="Aleksey-PC" name="com.kholodkov.ido.config.SpringApplicationContextTest" tests="2" failures="0" timestamp="6 Mar 2016 20:25:22 GMT" time="0.163" errors="0">
  <testcase name="sessionFactoryHasSession" time="0.062" classname="com.kholodkov.ido.config.SpringApplicationContextTest"/>
  <testcase name="dataSourceHasConnection" time="0.101" classname="com.kholodkov.ido.config.SpringApplicationContextTest"/>
</testsuite> <!-- com.kholodkov.ido.config.SpringApplicationContextTest -->
