<?xml version="1.0" encoding="UTF-8"?>
<!-- Generated by org.testng.reporters.JUnitReportReporter -->
<testsuite hostname="Aleksey-PC" name="com.kholodkov.ido.task.TaskDaoImplTest" tests="4" failures="0" timestamp="6 Mar 2016 20:25:22 GMT" time="1.353" errors="0">
  <testcase name="insertTaskVsSubTasks" time="0.299" classname="com.kholodkov.ido.task.TaskDaoImplTest"/>
  <testcase name="insertTaskTest" time="0.333" classname="com.kholodkov.ido.task.TaskDaoImplTest"/>
  <testcase name="selectTaskTest" time="0.305" classname="com.kholodkov.ido.task.TaskDaoImplTest"/>
  <testcase name="deleteTaskTest" time="0.416" classname="com.kholodkov.ido.task.TaskDaoImplTest"/>
</testsuite> <!-- com.kholodkov.ido.task.TaskDaoImplTest -->
